<?xml version="1.0" encoding="UTF-8"?>
<!-- Generated by org.testng.reporters.JUnitXMLReporter -->
<testsuite ignored="0" hostname="DESKTOP-24DNO7V" failures="0" tests="3" name="firfox" time="7.432" errors="0" timestamp="2021-11-17T12:32:01 EST">
  <testcase classname="DependencyParametrizing.FacobookAmazon" name="@BeforeClass beforeClass" time="3.573">
    <failure type="org.openqa.selenium.SessionNotCreatedException" message="session not created: This version of ChromeDriver only supports Chrome version 94
Current browser version is 96.0.4664.45 with binary path C:\Program Files\Google\Chrome\Application\chrome.exe
Build info: version: &amp;apos;3.141.59&amp;apos;, revision: &amp;apos;e82be7d358&amp;apos;, time: &amp;apos;2018-11-14T08:17:03&amp;apos;
System info: host: &amp;apos;DESKTOP-24DNO7V&amp;apos;, ip: &amp;apos;192.168.0.86&amp;apos;, os.name: &amp;apos;Windows 10&amp;apos;, os.arch: &amp;apos;amd64&amp;apos;, os.version: &amp;apos;10.0&amp;apos;, java.version: &amp;apos;15.0.2&amp;apos;
Driver info: driver.version: ChromeDriver
remote stacktrace: Backtrace:
	Ordinal0 [0x00BBBDE3+2473443]
	Ordinal0 [0x00B56661+2057825]
	Ordinal0 [0x00A62438+1057848]
	Ordinal0 [0x00A8054A+1181002]
	Ordinal0 [0x00A7C435+1164341]
	Ordinal0 [0x00A79CAF+1154223]
	Ordinal0 [0x00AA9ADF+1350367]
	Ordinal0 [0x00AA974A+1349450]
	Ordinal0 [0x00AA55AB+1332651]
	Ordinal0 [0x00A82104+1188100]
	Ordinal0 [0x00A82F59+1191769]
	GetHandleVerifier [0x00D42266+1549718]
	GetHandleVerifier [0x00DED4A7+2250711]
	GetHandleVerifier [0x00C4718B+521403]
	GetHandleVerifier [0x00C46229+517465]
	Ordinal0 [0x00B5B79D+2078621]
	Ordinal0 [0x00B5FB58+2095960]
	Ordinal0 [0x00B5FC92+2096274]
	Ordinal0 [0x00B69541+2135361]
	BaseThreadInitThunk [0x757CFA29+25]
	RtlGetAppContainerNamedObjectPath [0x77447A9E+286]
	RtlGetAppContainerNamedObjectPath [0x77447A6E+238]
">
      <![CDATA[org.openqa.selenium.SessionNotCreatedException: session not created: This version of ChromeDriver only supports Chrome version 94
Current browser version is 96.0.4664.45 with binary path C:\Program Files\Google\Chrome\Application\chrome.exe
Build info: version: '3.141.59', revision: 'e82be7d358', time: '2018-11-14T08:17:03'
System info: host: 'DESKTOP-24DNO7V', ip: '192.168.0.86', os.name: 'Windows 10', os.arch: 'amd64', os.version: '10.0', java.version: '15.0.2'
Driver info: driver.version: ChromeDriver
remote stacktrace: Backtrace:
Ordinal0 [0x00BBBDE3+2473443]
Ordinal0 [0x00B56661+2057825]
Ordinal0 [0x00A62438+1057848]
Ordinal0 [0x00A8054A+1181002]
Ordinal0 [0x00A7C435+1164341]
Ordinal0 [0x00A79CAF+1154223]
Ordinal0 [0x00AA9ADF+1350367]
Ordinal0 [0x00AA974A+1349450]
Ordinal0 [0x00AA55AB+1332651]
Ordinal0 [0x00A82104+1188100]
Ordinal0 [0x00A82F59+1191769]
GetHandleVerifier [0x00D42266+1549718]
GetHandleVerifier [0x00DED4A7+2250711]
GetHandleVerifier [0x00C4718B+521403]
GetHandleVerifier [0x00C46229+517465]
Ordinal0 [0x00B5B79D+2078621]
Ordinal0 [0x00B5FB58+2095960]
Ordinal0 [0x00B5FC92+2096274]
Ordinal0 [0x00B69541+2135361]
BaseThreadInitThunk [0x757CFA29+25]
RtlGetAppContainerNamedObjectPath [0x77447A9E+286]
RtlGetAppContainerNamedObjectPath [0x77447A6E+238]

at org.openqa.selenium.remote.W3CHandshakeResponse.lambda$errorHandler$0(W3CHandshakeResponse.java:62)
at org.openqa.selenium.remote.HandshakeResponse.lambda$getResponseFunction$0(HandshakeResponse.java:30)
at org.openqa.selenium.remote.ProtocolHandshake.lambda$createSession$0(ProtocolHandshake.java:126)
at java.base/java.util.stream.ReferencePipeline$3$1.accept(ReferencePipeline.java:195)
at java.base/java.util.Spliterators$ArraySpliterator.tryAdvance(Spliterators.java:958)
at java.base/java.util.stream.ReferencePipeline.forEachWithCancel(ReferencePipeline.java:127)
at java.base/java.util.stream.AbstractPipeline.copyIntoWithCancel(AbstractPipeline.java:502)
at java.base/java.util.stream.AbstractPipeline.copyInto(AbstractPipeline.java:488)
at java.base/java.util.stream.AbstractPipeline.wrapAndCopyInto(AbstractPipeline.java:474)
at java.base/java.util.stream.FindOps$FindOp.evaluateSequential(FindOps.java:150)
at java.base/java.util.stream.AbstractPipeline.evaluate(AbstractPipeline.java:234)
at java.base/java.util.stream.ReferencePipeline.findFirst(ReferencePipeline.java:543)
at org.openqa.selenium.remote.ProtocolHandshake.createSession(ProtocolHandshake.java:128)
at org.openqa.selenium.remote.ProtocolHandshake.createSession(ProtocolHandshake.java:74)
at org.openqa.selenium.remote.HttpCommandExecutor.execute(HttpCommandExecutor.java:136)
at org.openqa.selenium.remote.service.DriverCommandExecutor.execute(DriverCommandExecutor.java:83)
at org.openqa.selenium.remote.RemoteWebDriver.execute(RemoteWebDriver.java:552)
at org.openqa.selenium.remote.RemoteWebDriver.startSession(RemoteWebDriver.java:213)
at org.openqa.selenium.remote.RemoteWebDriver.<init>(RemoteWebDriver.java:131)
at org.openqa.selenium.chrome.ChromeDriver.<init>(ChromeDriver.java:181)
at org.openqa.selenium.chrome.ChromeDriver.<init>(ChromeDriver.java:168)
at org.openqa.selenium.chrome.ChromeDriver.<init>(ChromeDriver.java:123)
at DependencyParametrizing.FacobookAmazon.beforeClass(FacobookAmazon.java:30)
at java.base/java.util.ArrayList.forEach(ArrayList.java:1511)
at java.base/java.util.concurrent.FutureTask.run(FutureTask.java:264)
at java.base/java.util.concurrent.ThreadPoolExecutor.runWorker(ThreadPoolExecutor.java:1130)
at java.base/java.util.concurrent.ThreadPoolExecutor$Worker.run(ThreadPoolExecutor.java:630)
at java.base/java.lang.Thread.run(Thread.java:832)
... Removed 21 stack frames]]>
    </failure>
  </testcase> <!-- @BeforeClass beforeClass -->
  <testcase classname="DependencyParametrizing.FacobookAmazon" name="@AfterClass afterClass" time="-1.637170317823E9">
    <skipped/>
  </testcase> <!-- @AfterClass afterClass -->
  <testcase classname="DependencyParametrizing.FacobookAmazon" name="@BeforeClass beforeClass" time="4.577">
    <failure type="org.openqa.selenium.SessionNotCreatedException" message="session not created: This version of ChromeDriver only supports Chrome version 94
Current browser version is 96.0.4664.45 with binary path C:\Program Files\Google\Chrome\Application\chrome.exe
Build info: version: &amp;apos;3.141.59&amp;apos;, revision: &amp;apos;e82be7d358&amp;apos;, time: &amp;apos;2018-11-14T08:17:03&amp;apos;
System info: host: &amp;apos;DESKTOP-24DNO7V&amp;apos;, ip: &amp;apos;192.168.0.86&amp;apos;, os.name: &amp;apos;Windows 10&amp;apos;, os.arch: &amp;apos;amd64&amp;apos;, os.version: &amp;apos;10.0&amp;apos;, java.version: &amp;apos;15.0.2&amp;apos;
Driver info: driver.version: ChromeDriver
remote stacktrace: Backtrace:
	Ordinal0 [0x00BBBDE3+2473443]
	Ordinal0 [0x00B56661+2057825]
	Ordinal0 [0x00A62438+1057848]
	Ordinal0 [0x00A8054A+1181002]
	Ordinal0 [0x00A7C435+1164341]
	Ordinal0 [0x00A79CAF+1154223]
	Ordinal0 [0x00AA9ADF+1350367]
	Ordinal0 [0x00AA974A+1349450]
	Ordinal0 [0x00AA55AB+1332651]
	Ordinal0 [0x00A82104+1188100]
	Ordinal0 [0x00A82F59+1191769]
	GetHandleVerifier [0x00D42266+1549718]
	GetHandleVerifier [0x00DED4A7+2250711]
	GetHandleVerifier [0x00C4718B+521403]
	GetHandleVerifier [0x00C46229+517465]
	Ordinal0 [0x00B5B79D+2078621]
	Ordinal0 [0x00B5FB58+2095960]
	Ordinal0 [0x00B5FC92+2096274]
	Ordinal0 [0x00B69541+2135361]
	BaseThreadInitThunk [0x757CFA29+25]
	RtlGetAppContainerNamedObjectPath [0x77447A9E+286]
	RtlGetAppContainerNamedObjectPath [0x77447A6E+238]
">
      <![CDATA[org.openqa.selenium.SessionNotCreatedException: session not created: This version of ChromeDriver only supports Chrome version 94
Current browser version is 96.0.4664.45 with binary path C:\Program Files\Google\Chrome\Application\chrome.exe
Build info: version: '3.141.59', revision: 'e82be7d358', time: '2018-11-14T08:17:03'
System info: host: 'DESKTOP-24DNO7V', ip: '192.168.0.86', os.name: 'Windows 10', os.arch: 'amd64', os.version: '10.0', java.version: '15.0.2'
Driver info: driver.version: ChromeDriver
remote stacktrace: Backtrace:
Ordinal0 [0x00BBBDE3+2473443]
Ordinal0 [0x00B56661+2057825]
Ordinal0 [0x00A62438+1057848]
Ordinal0 [0x00A8054A+1181002]
Ordinal0 [0x00A7C435+1164341]
Ordinal0 [0x00A79CAF+1154223]
Ordinal0 [0x00AA9ADF+1350367]
Ordinal0 [0x00AA974A+1349450]
Ordinal0 [0x00AA55AB+1332651]
Ordinal0 [0x00A82104+1188100]
Ordinal0 [0x00A82F59+1191769]
GetHandleVerifier [0x00D42266+1549718]
GetHandleVerifier [0x00DED4A7+2250711]
GetHandleVerifier [0x00C4718B+521403]
GetHandleVerifier [0x00C46229+517465]
Ordinal0 [0x00B5B79D+2078621]
Ordinal0 [0x00B5FB58+2095960]
Ordinal0 [0x00B5FC92+2096274]
Ordinal0 [0x00B69541+2135361]
BaseThreadInitThunk [0x757CFA29+25]
RtlGetAppContainerNamedObjectPath [0x77447A9E+286]
RtlGetAppContainerNamedObjectPath [0x77447A6E+238]

at org.openqa.selenium.remote.W3CHandshakeResponse.lambda$errorHandler$0(W3CHandshakeResponse.java:62)
at org.openqa.selenium.remote.HandshakeResponse.lambda$getResponseFunction$0(HandshakeResponse.java:30)
at org.openqa.selenium.remote.ProtocolHandshake.lambda$createSession$0(ProtocolHandshake.java:126)
at java.base/java.util.stream.ReferencePipeline$3$1.accept(ReferencePipeline.java:195)
at java.base/java.util.Spliterators$ArraySpliterator.tryAdvance(Spliterators.java:958)
at java.base/java.util.stream.ReferencePipeline.forEachWithCancel(ReferencePipeline.java:127)
at java.base/java.util.stream.AbstractPipeline.copyIntoWithCancel(AbstractPipeline.java:502)
at java.base/java.util.stream.AbstractPipeline.copyInto(AbstractPipeline.java:488)
at java.base/java.util.stream.AbstractPipeline.wrapAndCopyInto(AbstractPipeline.java:474)
at java.base/java.util.stream.FindOps$FindOp.evaluateSequential(FindOps.java:150)
at java.base/java.util.stream.AbstractPipeline.evaluate(AbstractPipeline.java:234)
at java.base/java.util.stream.ReferencePipeline.findFirst(ReferencePipeline.java:543)
at org.openqa.selenium.remote.ProtocolHandshake.createSession(ProtocolHandshake.java:128)
at org.openqa.selenium.remote.ProtocolHandshake.createSession(ProtocolHandshake.java:74)
at org.openqa.selenium.remote.HttpCommandExecutor.execute(HttpCommandExecutor.java:136)
at org.openqa.selenium.remote.service.DriverCommandExecutor.execute(DriverCommandExecutor.java:83)
at org.openqa.selenium.remote.RemoteWebDriver.execute(RemoteWebDriver.java:552)
at org.openqa.selenium.remote.RemoteWebDriver.startSession(RemoteWebDriver.java:213)
at org.openqa.selenium.remote.RemoteWebDriver.<init>(RemoteWebDriver.java:131)
at org.openqa.selenium.chrome.ChromeDriver.<init>(ChromeDriver.java:181)
at org.openqa.selenium.chrome.ChromeDriver.<init>(ChromeDriver.java:168)
at org.openqa.selenium.chrome.ChromeDriver.<init>(ChromeDriver.java:123)
at DependencyParametrizing.FacobookAmazon.beforeClass(FacobookAmazon.java:30)
at java.base/java.util.ArrayList.forEach(ArrayList.java:1511)
at java.base/java.util.concurrent.FutureTask.run(FutureTask.java:264)
at java.base/java.util.concurrent.ThreadPoolExecutor.runWorker(ThreadPoolExecutor.java:1130)
at java.base/java.util.concurrent.ThreadPoolExecutor$Worker.run(ThreadPoolExecutor.java:630)
at java.base/java.lang.Thread.run(Thread.java:832)
... Removed 21 stack frames]]>
    </failure>
  </testcase> <!-- @BeforeClass beforeClass -->
  <testcase classname="DependencyParametrizing.FacobookAmazon" name="@AfterClass afterClass" time="-1.637170318705E9">
    <skipped/>
  </testcase> <!-- @AfterClass afterClass -->
  <testcase classname="PageObjectDependentMethod.AssertHomePageText" name="@BeforeClass beforeClass" time="3.442">
    <failure type="org.openqa.selenium.SessionNotCreatedException" message="session not created: This version of ChromeDriver only supports Chrome version 94
Current browser version is 96.0.4664.45 with binary path C:\Program Files\Google\Chrome\Application\chrome.exe
Build info: version: &amp;apos;3.141.59&amp;apos;, revision: &amp;apos;e82be7d358&amp;apos;, time: &amp;apos;2018-11-14T08:17:03&amp;apos;
System info: host: &amp;apos;DESKTOP-24DNO7V&amp;apos;, ip: &amp;apos;192.168.0.86&amp;apos;, os.name: &amp;apos;Windows 10&amp;apos;, os.arch: &amp;apos;amd64&amp;apos;, os.version: &amp;apos;10.0&amp;apos;, java.version: &amp;apos;15.0.2&amp;apos;
Driver info: driver.version: ChromeDriver
remote stacktrace: Backtrace:
	Ordinal0 [0x00BBBDE3+2473443]
	Ordinal0 [0x00B56661+2057825]
	Ordinal0 [0x00A62438+1057848]
	Ordinal0 [0x00A8054A+1181002]
	Ordinal0 [0x00A7C435+1164341]
	Ordinal0 [0x00A79CAF+1154223]
	Ordinal0 [0x00AA9ADF+1350367]
	Ordinal0 [0x00AA974A+1349450]
	Ordinal0 [0x00AA55AB+1332651]
	Ordinal0 [0x00A82104+1188100]
	Ordinal0 [0x00A82F59+1191769]
	GetHandleVerifier [0x00D42266+1549718]
	GetHandleVerifier [0x00DED4A7+2250711]
	GetHandleVerifier [0x00C4718B+521403]
	GetHandleVerifier [0x00C46229+517465]
	Ordinal0 [0x00B5B79D+2078621]
	Ordinal0 [0x00B5FB58+2095960]
	Ordinal0 [0x00B5FC92+2096274]
	Ordinal0 [0x00B69541+2135361]
	BaseThreadInitThunk [0x757CFA29+25]
	RtlGetAppContainerNamedObjectPath [0x77447A9E+286]
	RtlGetAppContainerNamedObjectPath [0x77447A6E+238]
">
      <![CDATA[org.openqa.selenium.SessionNotCreatedException: session not created: This version of ChromeDriver only supports Chrome version 94
Current browser version is 96.0.4664.45 with binary path C:\Program Files\Google\Chrome\Application\chrome.exe
Build info: version: '3.141.59', revision: 'e82be7d358', time: '2018-11-14T08:17:03'
System info: host: 'DESKTOP-24DNO7V', ip: '192.168.0.86', os.name: 'Windows 10', os.arch: 'amd64', os.version: '10.0', java.version: '15.0.2'
Driver info: driver.version: ChromeDriver
remote stacktrace: Backtrace:
Ordinal0 [0x00BBBDE3+2473443]
Ordinal0 [0x00B56661+2057825]
Ordinal0 [0x00A62438+1057848]
Ordinal0 [0x00A8054A+1181002]
Ordinal0 [0x00A7C435+1164341]
Ordinal0 [0x00A79CAF+1154223]
Ordinal0 [0x00AA9ADF+1350367]
Ordinal0 [0x00AA974A+1349450]
Ordinal0 [0x00AA55AB+1332651]
Ordinal0 [0x00A82104+1188100]
Ordinal0 [0x00A82F59+1191769]
GetHandleVerifier [0x00D42266+1549718]
GetHandleVerifier [0x00DED4A7+2250711]
GetHandleVerifier [0x00C4718B+521403]
GetHandleVerifier [0x00C46229+517465]
Ordinal0 [0x00B5B79D+2078621]
Ordinal0 [0x00B5FB58+2095960]
Ordinal0 [0x00B5FC92+2096274]
Ordinal0 [0x00B69541+2135361]
BaseThreadInitThunk [0x757CFA29+25]
RtlGetAppContainerNamedObjectPath [0x77447A9E+286]
RtlGetAppContainerNamedObjectPath [0x77447A6E+238]

at org.openqa.selenium.remote.W3CHandshakeResponse.lambda$errorHandler$0(W3CHandshakeResponse.java:62)
at org.openqa.selenium.remote.HandshakeResponse.lambda$getResponseFunction$0(HandshakeResponse.java:30)
at org.openqa.selenium.remote.ProtocolHandshake.lambda$createSession$0(ProtocolHandshake.java:126)
at java.base/java.util.stream.ReferencePipeline$3$1.accept(ReferencePipeline.java:195)
at java.base/java.util.Spliterators$ArraySpliterator.tryAdvance(Spliterators.java:958)
at java.base/java.util.stream.ReferencePipeline.forEachWithCancel(ReferencePipeline.java:127)
at java.base/java.util.stream.AbstractPipeline.copyIntoWithCancel(AbstractPipeline.java:502)
at java.base/java.util.stream.AbstractPipeline.copyInto(AbstractPipeline.java:488)
at java.base/java.util.stream.AbstractPipeline.wrapAndCopyInto(AbstractPipeline.java:474)
at java.base/java.util.stream.FindOps$FindOp.evaluateSequential(FindOps.java:150)
at java.base/java.util.stream.AbstractPipeline.evaluate(AbstractPipeline.java:234)
at java.base/java.util.stream.ReferencePipeline.findFirst(ReferencePipeline.java:543)
at org.openqa.selenium.remote.ProtocolHandshake.createSession(ProtocolHandshake.java:128)
at org.openqa.selenium.remote.ProtocolHandshake.createSession(ProtocolHandshake.java:74)
at org.openqa.selenium.remote.HttpCommandExecutor.execute(HttpCommandExecutor.java:136)
at org.openqa.selenium.remote.service.DriverCommandExecutor.execute(DriverCommandExecutor.java:83)
at org.openqa.selenium.remote.RemoteWebDriver.execute(RemoteWebDriver.java:552)
at org.openqa.selenium.remote.RemoteWebDriver.startSession(RemoteWebDriver.java:213)
at org.openqa.selenium.remote.RemoteWebDriver.<init>(RemoteWebDriver.java:131)
at org.openqa.selenium.chrome.ChromeDriver.<init>(ChromeDriver.java:181)
at org.openqa.selenium.chrome.ChromeDriver.<init>(ChromeDriver.java:168)
at org.openqa.selenium.chrome.ChromeDriver.<init>(ChromeDriver.java:123)
at PageObjectDependentMethod.AssertHomePageText.beforeClass(AssertHomePageText.java:32)
at java.base/java.util.ArrayList.forEach(ArrayList.java:1511)
at java.base/java.util.concurrent.FutureTask.run(FutureTask.java:264)
at java.base/java.util.concurrent.ThreadPoolExecutor.runWorker(ThreadPoolExecutor.java:1130)
at java.base/java.util.concurrent.ThreadPoolExecutor$Worker.run(ThreadPoolExecutor.java:630)
at java.base/java.lang.Thread.run(Thread.java:832)
... Removed 21 stack frames]]>
    </failure>
  </testcase> <!-- @BeforeClass beforeClass -->
  <testcase classname="PageObjectDependentMethod.AssertHomePageText" name="@AfterClass afterClass" time="-1.637170321349E9">
    <skipped/>
  </testcase> <!-- @AfterClass afterClass -->
  <testcase classname="PageObjectDependentMethod.AssertHomePageText" name="@BeforeClass beforeClass" time="2.786">
    <failure type="org.openqa.selenium.SessionNotCreatedException" message="session not created: This version of ChromeDriver only supports Chrome version 94
Current browser version is 96.0.4664.45 with binary path C:\Program Files\Google\Chrome\Application\chrome.exe
Build info: version: &amp;apos;3.141.59&amp;apos;, revision: &amp;apos;e82be7d358&amp;apos;, time: &amp;apos;2018-11-14T08:17:03&amp;apos;
System info: host: &amp;apos;DESKTOP-24DNO7V&amp;apos;, ip: &amp;apos;192.168.0.86&amp;apos;, os.name: &amp;apos;Windows 10&amp;apos;, os.arch: &amp;apos;amd64&amp;apos;, os.version: &amp;apos;10.0&amp;apos;, java.version: &amp;apos;15.0.2&amp;apos;
Driver info: driver.version: ChromeDriver
remote stacktrace: Backtrace:
	Ordinal0 [0x00BBBDE3+2473443]
	Ordinal0 [0x00B56661+2057825]
	Ordinal0 [0x00A62438+1057848]
	Ordinal0 [0x00A8054A+1181002]
	Ordinal0 [0x00A7C435+1164341]
	Ordinal0 [0x00A79CAF+1154223]
	Ordinal0 [0x00AA9ADF+1350367]
	Ordinal0 [0x00AA974A+1349450]
	Ordinal0 [0x00AA55AB+1332651]
	Ordinal0 [0x00A82104+1188100]
	Ordinal0 [0x00A82F59+1191769]
	GetHandleVerifier [0x00D42266+1549718]
	GetHandleVerifier [0x00DED4A7+2250711]
	GetHandleVerifier [0x00C4718B+521403]
	GetHandleVerifier [0x00C46229+517465]
	Ordinal0 [0x00B5B79D+2078621]
	Ordinal0 [0x00B5FB58+2095960]
	Ordinal0 [0x00B5FC92+2096274]
	Ordinal0 [0x00B69541+2135361]
	BaseThreadInitThunk [0x757CFA29+25]
	RtlGetAppContainerNamedObjectPath [0x77447A9E+286]
	RtlGetAppContainerNamedObjectPath [0x77447A6E+238]
">
      <![CDATA[org.openqa.selenium.SessionNotCreatedException: session not created: This version of ChromeDriver only supports Chrome version 94
Current browser version is 96.0.4664.45 with binary path C:\Program Files\Google\Chrome\Application\chrome.exe
Build info: version: '3.141.59', revision: 'e82be7d358', time: '2018-11-14T08:17:03'
System info: host: 'DESKTOP-24DNO7V', ip: '192.168.0.86', os.name: 'Windows 10', os.arch: 'amd64', os.version: '10.0', java.version: '15.0.2'
Driver info: driver.version: ChromeDriver
remote stacktrace: Backtrace:
Ordinal0 [0x00BBBDE3+2473443]
Ordinal0 [0x00B56661+2057825]
Ordinal0 [0x00A62438+1057848]
Ordinal0 [0x00A8054A+1181002]
Ordinal0 [0x00A7C435+1164341]
Ordinal0 [0x00A79CAF+1154223]
Ordinal0 [0x00AA9ADF+1350367]
Ordinal0 [0x00AA974A+1349450]
Ordinal0 [0x00AA55AB+1332651]
Ordinal0 [0x00A82104+1188100]
Ordinal0 [0x00A82F59+1191769]
GetHandleVerifier [0x00D42266+1549718]
GetHandleVerifier [0x00DED4A7+2250711]
GetHandleVerifier [0x00C4718B+521403]
GetHandleVerifier [0x00C46229+517465]
Ordinal0 [0x00B5B79D+2078621]
Ordinal0 [0x00B5FB58+2095960]
Ordinal0 [0x00B5FC92+2096274]
Ordinal0 [0x00B69541+2135361]
BaseThreadInitThunk [0x757CFA29+25]
RtlGetAppContainerNamedObjectPath [0x77447A9E+286]
RtlGetAppContainerNamedObjectPath [0x77447A6E+238]

at org.openqa.selenium.remote.W3CHandshakeResponse.lambda$errorHandler$0(W3CHandshakeResponse.java:62)
at org.openqa.selenium.remote.HandshakeResponse.lambda$getResponseFunction$0(HandshakeResponse.java:30)
at org.openqa.selenium.remote.ProtocolHandshake.lambda$createSession$0(ProtocolHandshake.java:126)
at java.base/java.util.stream.ReferencePipeline$3$1.accept(ReferencePipeline.java:195)
at java.base/java.util.Spliterators$ArraySpliterator.tryAdvance(Spliterators.java:958)
at java.base/java.util.stream.ReferencePipeline.forEachWithCancel(ReferencePipeline.java:127)
at java.base/java.util.stream.AbstractPipeline.copyIntoWithCancel(AbstractPipeline.java:502)
at java.base/java.util.stream.AbstractPipeline.copyInto(AbstractPipeline.java:488)
at java.base/java.util.stream.AbstractPipeline.wrapAndCopyInto(AbstractPipeline.java:474)
at java.base/java.util.stream.FindOps$FindOp.evaluateSequential(FindOps.java:150)
at java.base/java.util.stream.AbstractPipeline.evaluate(AbstractPipeline.java:234)
at java.base/java.util.stream.ReferencePipeline.findFirst(ReferencePipeline.java:543)
at org.openqa.selenium.remote.ProtocolHandshake.createSession(ProtocolHandshake.java:128)
at org.openqa.selenium.remote.ProtocolHandshake.createSession(ProtocolHandshake.java:74)
at org.openqa.selenium.remote.HttpCommandExecutor.execute(HttpCommandExecutor.java:136)
at org.openqa.selenium.remote.service.DriverCommandExecutor.execute(DriverCommandExecutor.java:83)
at org.openqa.selenium.remote.RemoteWebDriver.execute(RemoteWebDriver.java:552)
at org.openqa.selenium.remote.RemoteWebDriver.startSession(RemoteWebDriver.java:213)
at org.openqa.selenium.remote.RemoteWebDriver.<init>(RemoteWebDriver.java:131)
at org.openqa.selenium.chrome.ChromeDriver.<init>(ChromeDriver.java:181)
at org.openqa.selenium.chrome.ChromeDriver.<init>(ChromeDriver.java:168)
at org.openqa.selenium.chrome.ChromeDriver.<init>(ChromeDriver.java:123)
at PageObjectDependentMethod.AssertHomePageText.beforeClass(AssertHomePageText.java:32)
at java.base/java.util.ArrayList.forEach(ArrayList.java:1511)
at java.base/java.util.concurrent.FutureTask.run(FutureTask.java:264)
at java.base/java.util.concurrent.ThreadPoolExecutor.runWorker(ThreadPoolExecutor.java:1130)
at java.base/java.util.concurrent.ThreadPoolExecutor$Worker.run(ThreadPoolExecutor.java:630)
at java.base/java.lang.Thread.run(Thread.java:832)
... Removed 21 stack frames]]>
    </failure>
  </testcase> <!-- @BeforeClass beforeClass -->
  <testcase classname="PageObjectDependentMethod.AssertHomePageText" name="@AfterClass afterClass" time="-1.637170321505E9">
    <skipped/>
  </testcase> <!-- @AfterClass afterClass -->
  <testcase classname="DependencyParametrizing.FacobookAmazon" name="f" time="0.0">
    <skipped/>
  </testcase> <!-- f -->
  <testcase classname="PageObjectDependentMethod.AssertHomePageText" name="beforeClass" time="0.0">
    <skipped/>
  </testcase> <!-- beforeClass -->
  <testcase classname="PageObjectDependentMethod.AssertHomePageText" name="f" time="0.0">
    <skipped/>
  </testcase> <!-- f -->
</testsuite> <!-- firfox -->
